<?xml version="1.0" encoding="UTF-8"?>
<!-- Generated by org.testng.reporters.JUnitReportReporter -->
<testsuite skipped="0" hostname="DESKTOP-UH1U7QV" name="EjercicioEntrevista.Carrito" tests="1" failures="0" timestamp="17 may 2023 17:11:13 GMT" time="0.090" errors="0">
  <testcase name="carritoCompras" time="0.090" classname="EjercicioEntrevista.Carrito"/>
</testsuite> <!-- EjercicioEntrevista.Carrito -->
