<?xml version="1.0" encoding="UTF-8"?>
<!-- Generated by org.testng.reporters.JUnitReportReporter -->
<testsuite skipped="0" hostname="DESKTOP-UH1U7QV" name="EjercicioEntrevista.LogInPage" tests="1" failures="0" timestamp="17 may 2023 18:12:37 GMT" time="0.521" errors="0">
  <testcase name="login" time="0.521" classname="EjercicioEntrevista.LogInPage"/>
</testsuite> <!-- EjercicioEntrevista.LogInPage -->
