<?xml version="1.0" encoding="UTF-8"?>
<!-- Generated by org.testng.reporters.JUnitReportReporter -->
<testsuite skipped="0" hostname="DESKTOP-UH1U7QV" name="EjercicioEntrevista.AgregaProductos" tests="1" failures="0" timestamp="17 may 2023 18:12:37 GMT" time="0.272" errors="0">
  <testcase name="agregarArticulos" time="0.272" classname="EjercicioEntrevista.AgregaProductos"/>
</testsuite> <!-- EjercicioEntrevista.AgregaProductos -->
