<?xml version="1.0" encoding="UTF-8"?>
<!-- Generated by org.testng.reporters.JUnitReportReporter -->
<testsuite skipped="0" hostname="DESKTOP-UH1U7QV" name="EjercicioEntrevista.CompraTerminada" tests="1" failures="0" timestamp="17 may 2023 18:12:37 GMT" time="0.083" errors="0">
  <testcase name="compraConcluida" time="0.083" classname="EjercicioEntrevista.CompraTerminada"/>
</testsuite> <!-- EjercicioEntrevista.CompraTerminada -->
