<?xml version="1.0" encoding="UTF-8"?>
<!-- Generated by org.testng.reporters.JUnitReportReporter -->
<testsuite skipped="0" hostname="DESKTOP-UH1U7QV" name="EjercicioEntrevista.ValidaArticulosCarrito" tests="1" failures="0" timestamp="17 may 2023 18:12:37 GMT" time="0.202" errors="0">
  <testcase name="carritoCompras" time="0.202" classname="EjercicioEntrevista.ValidaArticulosCarrito"/>
</testsuite> <!-- EjercicioEntrevista.ValidaArticulosCarrito -->
